Using pre-set license
Built from '2020.3/staging' branch; Version is '2020.3.38f1 (8f5fde82e2dc) revision 9396190'; Using compiler version '192528614'; Build Type 'Release'
OS: 'Windows 11  (10.0.22000) 64bit Professional' Language: 'en' Physical Memory: 65410 MB
BatchMode: 1, IsHumanControllingUs: 0, StartBugReporterOnCrash: 0, Is64bit: 1, IsPro: 0

COMMAND LINE ARGUMENTS:
E:\unityHub\2020.3.38f1\Editor\Unity.exe
-adb2
-batchMode
-noUpm
-name
AssetImportWorker0
-projectPath
C:/Users/Enriq/Desktop/Mobile_Organcis/Organics2 - Copy
-logFile
Logs/AssetImportWorker0.log
-srvPort
64873
Successfully changed project path to: C:/Users/Enriq/Desktop/Mobile_Organcis/Organics2 - Copy
C:/Users/Enriq/Desktop/Mobile_Organcis/Organics2 - Copy
Using Asset Import Pipeline V2.
Refreshing native plugins compatible for Editor in 36.02 ms, found 2 plugins.
Preloading 0 native plugins for Editor in 0.00 ms.
Initialize engine version: 2020.3.38f1 (8f5fde82e2dc)
[Subsystems] Discovering subsystems at path E:/unityHub/2020.3.38f1/Editor/Data/Resources/UnitySubsystems
[Subsystems] Discovering subsystems at path C:/Users/Enriq/Desktop/Mobile_Organcis/Organics2 - Copy/Assets
GfxDevice: creating device client; threaded=0
Direct3D:
    Version:  Direct3D 11.0 [level 11.1]
    Renderer: NVIDIA GeForce GTX 1660 Ti (ID=0x2191)
    Vendor:   
    VRAM:     5991 MB
    Driver:   30.0.15.1278
Initialize mono
Mono path[0] = 'E:/unityHub/2020.3.38f1/Editor/Data/Managed'
Mono path[1] = 'E:/unityHub/2020.3.38f1/Editor/Data/MonoBleedingEdge/lib/mono/unityjit'
Mono config path = 'E:/unityHub/2020.3.38f1/Editor/Data/MonoBleedingEdge/etc'
Using monoOptions --debugger-agent=transport=dt_socket,embedding=1,server=y,suspend=n,address=127.0.0.1:56052
Begin MonoManager ReloadAssembly
Registering precompiled unity dll's ...
Register platform support module: E:/unityHub/2020.3.38f1/Editor/Data/PlaybackEngines/WindowsStandaloneSupport/UnityEditor.WindowsStandalone.Extensions.dll
Registered in 0.000917 seconds.
Native extension for WindowsStandalone target not found
Refreshing native plugins compatible for Editor in 33.47 ms, found 2 plugins.
Preloading 0 native plugins for Editor in 0.00 ms.
Mono: successfully reloaded assembly
- Completed reload, in  0.812 seconds
Domain Reload Profiling:
	ReloadAssembly (812ms)
		BeginReloadAssembly (66ms)
			ExecutionOrderSort (0ms)
			DisableScriptedObjects (0ms)
			BackupInstance (0ms)
			ReleaseScriptingObjects (0ms)
			CreateAndSetChildDomain (1ms)
		EndReloadAssembly (582ms)
			LoadAssemblies (66ms)
			RebuildTransferFunctionScriptingTraits (0ms)
			SetupTypeCache (251ms)
			ReleaseScriptCaches (0ms)
			RebuildScriptCaches (29ms)
			SetupLoadedEditorAssemblies (162ms)
				LogAssemblyErrors (0ms)
				InitializePlatformSupportModulesInManaged (5ms)
				SetLoadedEditorAssemblies (0ms)
				RefreshPlugins (34ms)
				BeforeProcessingInitializeOnLoad (16ms)
				ProcessInitializeOnLoadAttributes (77ms)
				ProcessInitializeOnLoadMethodAttributes (30ms)
				AfterProcessingInitializeOnLoad (0ms)
				EditorAssembliesLoaded (0ms)
			ExecutionOrderSort2 (0ms)
			AwakeInstancesAfterBackupRestoration (0ms)
Platform modules already initialized, skipping
Registering precompiled user dll's ...
Registered in 0.002783 seconds.
Begin MonoManager ReloadAssembly
Native extension for WindowsStandalone target not found
Refreshing native plugins compatible for Editor in 0.40 ms, found 2 plugins.
Preloading 0 native plugins for Editor in 0.00 ms.
Mono: successfully reloaded assembly
- Completed reload, in  0.999 seconds
Domain Reload Profiling:
	ReloadAssembly (1003ms)
		BeginReloadAssembly (152ms)
			ExecutionOrderSort (0ms)
			DisableScriptedObjects (4ms)
			BackupInstance (0ms)
			ReleaseScriptingObjects (0ms)
			CreateAndSetChildDomain (17ms)
		EndReloadAssembly (800ms)
			LoadAssemblies (100ms)
			RebuildTransferFunctionScriptingTraits (0ms)
			SetupTypeCache (256ms)
			ReleaseScriptCaches (0ms)
			RebuildScriptCaches (41ms)
			SetupLoadedEditorAssemblies (337ms)
				LogAssemblyErrors (0ms)
				InitializePlatformSupportModulesInManaged (4ms)
				SetLoadedEditorAssemblies (0ms)
				RefreshPlugins (0ms)
				BeforeProcessingInitializeOnLoad (71ms)
				ProcessInitializeOnLoadAttributes (246ms)
				ProcessInitializeOnLoadMethodAttributes (13ms)
				AfterProcessingInitializeOnLoad (2ms)
				EditorAssembliesLoaded (0ms)
			ExecutionOrderSort2 (0ms)
			AwakeInstancesAfterBackupRestoration (2ms)
Platform modules already initialized, skipping
========================================================================
Worker process is ready to serve import requests
Launched and connected shader compiler UnityShaderCompiler.exe after 0.07 seconds
Refreshing native plugins compatible for Editor in 0.42 ms, found 2 plugins.
Preloading 0 native plugins for Editor in 0.00 ms.
Unloading 1670 Unused Serialized files (Serialized files now loaded: 0)
System memory in use before: 76.1 MB.
System memory in use after: 76.2 MB.

Unloading 29 unused Assets to reduce memory usage. Loaded Objects now: 2094.
Total: 2.453200 ms (FindLiveObjects: 0.131500 ms CreateObjectMapping: 0.057200 ms MarkObjects: 2.202300 ms  DeleteObjects: 0.061400 ms)

AssetImportParameters requested are different than current active one (requested -> active):
  custom:framework-win-MediaFoundation: 216162199b28c13a410421893ffa2e32 -> 
  custom:video-decoder-ogg-theora: a1e56fd34408186e4bbccfd4996cb3dc -> 
  custom:container-muxer-webm: aa71ff27fc2769a1b78a27578f13a17b -> 
  custom:container-demuxer-webm: 4f35f7cbe854078d1ac9338744f61a02 -> 
  custom:container-demuxer-ogg: 62fdf1f143b41e24485cea50d1cbac27 -> 
  custom:video-encoder-webm-vp8: eb34c28f22e8b96e1ab97ce403110664 -> 
  custom:video-codec-MediaFoundation-h265: 746d11721c4dcdbdad8f713fa42b33f4 -> 
  custom:video-decoder-webm-vp8: 9c59270c3fd7afecdb556c50c9e8de78 -> 
  custom:audio-decoder-ogg-vorbis: bf7c407c2cedff20999df2af8eb42d56 -> 
  custom:audio-encoder-webm-vorbis: bf7c407c2cedff20999df2af8eb42d56 -> 
========================================================================
Received Import Request.
  path: Assets/Models/Bucket.fbx
  artifactKey: Guid(e41783ccf1cb50b469b480e435891564) Importer(815301076,1909f56bfc062723c751e8b465ee728b)
Start importing Assets/Models/Bucket.fbx using Guid(e41783ccf1cb50b469b480e435891564) Importer(815301076,1909f56bfc062723c751e8b465ee728b)  -> (artifact id: 'b9f1e1bb334ebbca84ba3e5d846727be') in 0.218932 seconds 
========================================================================
Received Import Request.
  Time since last request: 0.000152 seconds.
  path: Assets/Models/OneGallonBottle.fbx
  artifactKey: Guid(14cf83327941e8c4d87e18b061613aad) Importer(815301076,1909f56bfc062723c751e8b465ee728b)
Start importing Assets/Models/OneGallonBottle.fbx using Guid(14cf83327941e8c4d87e18b061613aad) Importer(815301076,1909f56bfc062723c751e8b465ee728b)  -> (artifact id: 'f95041c5e543142e9c550b484e598f4e') in 0.054127 seconds 
========================================================================
Received Import Request.
  Time since last request: 0.000154 seconds.
  path: Assets/Models/TwoAndHalfGallonBottle.fbx
  artifactKey: Guid(f75350ae773580244b0b5805eadde311) Importer(815301076,1909f56bfc062723c751e8b465ee728b)
Start importing Assets/Models/TwoAndHalfGallonBottle.fbx using Guid(f75350ae773580244b0b5805eadde311) Importer(815301076,1909f56bfc062723c751e8b465ee728b)  -> (artifact id: 'bb112e1dc499acbabf71a3859d9d5159') in 0.042644 seconds 
========================================================================
Received Import Request.
  Time since last request: 0.000208 seconds.
  path: Assets/Models/QuarterBottle.fbx
  artifactKey: Guid(c1eb13c26b1c3c549b4687525d9dbf78) Importer(815301076,1909f56bfc062723c751e8b465ee728b)
Start importing Assets/Models/QuarterBottle.fbx using Guid(c1eb13c26b1c3c549b4687525d9dbf78) Importer(815301076,1909f56bfc062723c751e8b465ee728b)  -> (artifact id: '854c56b352f318673f64494b6e3fd239') in 0.043366 seconds 
========================================================================
Received Import Request.
  Time since last request: 0.000311 seconds.
  path: Assets/Models/warehouse.fbx
  artifactKey: Guid(ab17b11d2a04e1e4e8447fa5429192cf) Importer(815301076,1909f56bfc062723c751e8b465ee728b)
Start importing Assets/Models/warehouse.fbx using Guid(ab17b11d2a04e1e4e8447fa5429192cf) Importer(815301076,1909f56bfc062723c751e8b465ee728b)  -> (artifact id: '9d482c2f21ffa1be87163916bd729e11') in 0.032487 seconds 
========================================================================
Received Import Request.
  Time since last request: 0.000208 seconds.
  path: Assets/Models
  artifactKey: Guid(a2187f499c1c80444933b0526a7e0788) Importer(815301076,1909f56bfc062723c751e8b465ee728b)
Start importing Assets/Models using Guid(a2187f499c1c80444933b0526a7e0788) Importer(815301076,1909f56bfc062723c751e8b465ee728b)  -> (artifact id: 'b150b8cb81c27da25dbd0ee2ee52ffcf') in 0.005896 seconds 
========================================================================
Received Import Request.
  Time since last request: 0.000265 seconds.
  path: Assets/Models/Barrel.fbx
  artifactKey: Guid(b51e9e1544d049c4e9c66895057e7aa5) Importer(815301076,1909f56bfc062723c751e8b465ee728b)
Start importing Assets/Models/Barrel.fbx using Guid(b51e9e1544d049c4e9c66895057e7aa5) Importer(815301076,1909f56bfc062723c751e8b465ee728b)  -> (artifact id: 'ecef3904433db230f60c0f39a415ace3') in 0.031302 seconds 
========================================================================
Received Import Request.
  Time since last request: 0.000241 seconds.
  path: Assets/Models/bottleFiller.fbx
  artifactKey: Guid(e1e321da15f3c2341949a4fdd67ad173) Importer(815301076,1909f56bfc062723c751e8b465ee728b)
Start importing Assets/Models/bottleFiller.fbx using Guid(e1e321da15f3c2341949a4fdd67ad173) Importer(815301076,1909f56bfc062723c751e8b465ee728b)  -> (artifact id: '47366a2fc29d954b4a0f5febfca1d0f4') in 0.037978 seconds 
========================================================================
Received Import Request.
  Time since last request: 27.350408 seconds.
  path: Assets/Models/blockoutTry1.fbx
  artifactKey: Guid(0f9e1f1012db937438ac4e1c75636a11) Importer(815301076,1909f56bfc062723c751e8b465ee728b)
Start importing Assets/Models/blockoutTry1.fbx using Guid(0f9e1f1012db937438ac4e1c75636a11) Importer(815301076,1909f56bfc062723c751e8b465ee728b)  -> (artifact id: '7af1a1b4b452233fd20a02f97911d7c1') in 1.302211 seconds 
========================================================================
Received Prepare
Registering precompiled user dll's ...
Registered in 0.002699 seconds.
Begin MonoManager ReloadAssembly
Native extension for WindowsStandalone target not found
Refreshing native plugins compatible for Editor in 0.45 ms, found 2 plugins.
Preloading 0 native plugins for Editor in 0.00 ms.
Mono: successfully reloaded assembly
- Completed reload, in  0.936 seconds
Domain Reload Profiling:
	ReloadAssembly (937ms)
		BeginReloadAssembly (117ms)
			ExecutionOrderSort (0ms)
			DisableScriptedObjects (3ms)
			BackupInstance (0ms)
			ReleaseScriptingObjects (0ms)
			CreateAndSetChildDomain (31ms)
		EndReloadAssembly (762ms)
			LoadAssemblies (100ms)
			RebuildTransferFunctionScriptingTraits (0ms)
			SetupTypeCache (256ms)
			ReleaseScriptCaches (1ms)
			RebuildScriptCaches (34ms)
			SetupLoadedEditorAssemblies (302ms)
				LogAssemblyErrors (0ms)
				InitializePlatformSupportModulesInManaged (4ms)
				SetLoadedEditorAssemblies (0ms)
				RefreshPlugins (0ms)
				BeforeProcessingInitializeOnLoad (92ms)
				ProcessInitializeOnLoadAttributes (189ms)
				ProcessInitializeOnLoadMethodAttributes (14ms)
				AfterProcessingInitializeOnLoad (2ms)
				EditorAssembliesLoaded (0ms)
			ExecutionOrderSort2 (0ms)
			AwakeInstancesAfterBackupRestoration (2ms)
Platform modules already initialized, skipping
Switching build target platform(19) subTarget(0) extendedPlatform(0) -> platform(13) subTarget(537395200) extendedPlatform(0)
Refreshing native plugins compatible for Editor in 0.43 ms, found 2 plugins.
Preloading 0 native plugins for Editor in 0.00 ms.
Unloading 1654 Unused Serialized files (Serialized files now loaded: 0)
System memory in use before: 78.3 MB.
System memory in use after: 78.4 MB.

Unloading 24 unused Assets to reduce memory usage. Loaded Objects now: 2141.
Total: 2.596500 ms (FindLiveObjects: 0.133000 ms CreateObjectMapping: 0.042700 ms MarkObjects: 2.296500 ms  DeleteObjects: 0.123400 ms)

AssetImportParameters requested are different than current active one (requested -> active):
  custom:framework-win-MediaFoundation: 216162199b28c13a410421893ffa2e32 -> 
  custom:video-decoder-ogg-theora: a1e56fd34408186e4bbccfd4996cb3dc -> 
  custom:container-muxer-webm: aa71ff27fc2769a1b78a27578f13a17b -> 
  custom:container-demuxer-webm: 4f35f7cbe854078d1ac9338744f61a02 -> 
  custom:container-demuxer-ogg: 62fdf1f143b41e24485cea50d1cbac27 -> 
  custom:video-encoder-webm-vp8: eb34c28f22e8b96e1ab97ce403110664 -> 
  custom:video-codec-MediaFoundation-h265: 746d11721c4dcdbdad8f713fa42b33f4 -> 
  custom:video-decoder-webm-vp8: 9c59270c3fd7afecdb556c50c9e8de78 -> 
  custom:graphics/normal-map-encoding: 01000000000000000000000000000000 -> 02000000000000000000000000000000
  custom:audio-decoder-ogg-vorbis: bf7c407c2cedff20999df2af8eb42d56 -> 
  custom:audio-encoder-webm-vorbis: bf7c407c2cedff20999df2af8eb42d56 -> 
========================================================================
Received Import Request.
  Time since last request: 471.771810 seconds.
  path: Assets/scripts
  artifactKey: Guid(bd4ed68bdc230924093ac74a664f96aa) Importer(815301076,1909f56bfc062723c751e8b465ee728b)
Start importing Assets/scripts using Guid(bd4ed68bdc230924093ac74a664f96aa) Importer(815301076,1909f56bfc062723c751e8b465ee728b)  -> (artifact id: '1085ff9794a601f58d8c040e348e33aa') in 0.011217 seconds 
========================================================================
Received Import Request.
  Time since last request: 121.543746 seconds.
  path: Assets/scripts/button_and_money_display.cs
  artifactKey: Guid(ddba657030c46694786cb746526647bd) Importer(815301076,1909f56bfc062723c751e8b465ee728b)
Start importing Assets/scripts/button_and_money_display.cs using Guid(ddba657030c46694786cb746526647bd) Importer(815301076,1909f56bfc062723c751e8b465ee728b)  -> (artifact id: '5f71a42594184ba975a7f61cc6137696') in 0.054133 seconds 
========================================================================
Received Import Request.
  Time since last request: 95.947833 seconds.
  path: Assets/scripts/Door.cs
  artifactKey: Guid(66aa38eab58c16b4795f8ab45b999253) Importer(815301076,1909f56bfc062723c751e8b465ee728b)
Start importing Assets/scripts/Door.cs using Guid(66aa38eab58c16b4795f8ab45b999253) Importer(815301076,1909f56bfc062723c751e8b465ee728b)  -> (artifact id: '4523f0ba19ca6f92b68b0e2de4e29f7c') in 0.006281 seconds 
========================================================================
Received Import Request.
  Time since last request: 5.706271 seconds.
  path: Assets/scripts/employees.cs
  artifactKey: Guid(b75480c19f59b8d48ba904b59817ce6c) Importer(815301076,1909f56bfc062723c751e8b465ee728b)
Start importing Assets/scripts/employees.cs using Guid(b75480c19f59b8d48ba904b59817ce6c) Importer(815301076,1909f56bfc062723c751e8b465ee728b)  -> (artifact id: '6a0184b929ee694fe85ac345f4a9f694') in 0.015131 seconds 
========================================================================
Received Prepare
Registering precompiled user dll's ...
Registered in 0.002515 seconds.
Begin MonoManager ReloadAssembly
Native extension for WindowsStandalone target not found
Refreshing native plugins compatible for Editor in 0.41 ms, found 2 plugins.
Preloading 0 native plugins for Editor in 0.00 ms.
Mono: successfully reloaded assembly
- Completed reload, in  7.487 seconds
Domain Reload Profiling:
	ReloadAssembly (7488ms)
		BeginReloadAssembly (3077ms)
			ExecutionOrderSort (0ms)
			DisableScriptedObjects (4ms)
			BackupInstance (0ms)
			ReleaseScriptingObjects (0ms)
			CreateAndSetChildDomain (30ms)
		EndReloadAssembly (4361ms)
			LoadAssemblies (4726ms)
			RebuildTransferFunctionScriptingTraits (0ms)
			SetupTypeCache (1073ms)
			ReleaseScriptCaches (1ms)
			RebuildScriptCaches (35ms)
			SetupLoadedEditorAssemblies (1083ms)
				LogAssemblyErrors (0ms)
				InitializePlatformSupportModulesInManaged (4ms)
				SetLoadedEditorAssemblies (0ms)
				RefreshPlugins (0ms)
				BeforeProcessingInitializeOnLoad (66ms)
				ProcessInitializeOnLoadAttributes (308ms)
				ProcessInitializeOnLoadMethodAttributes (703ms)
				AfterProcessingInitializeOnLoad (2ms)
				EditorAssembliesLoaded (0ms)
			ExecutionOrderSort2 (0ms)
			AwakeInstancesAfterBackupRestoration (2ms)
Platform modules already initialized, skipping
Switching build target platform(19) subTarget(0) extendedPlatform(0) -> platform(13) subTarget(537395200) extendedPlatform(0)
Refreshing native plugins compatible for Editor in 0.41 ms, found 2 plugins.
Preloading 0 native plugins for Editor in 0.00 ms.
Unloading 1654 Unused Serialized files (Serialized files now loaded: 0)
System memory in use before: 78.3 MB.
System memory in use after: 78.4 MB.

Unloading 24 unused Assets to reduce memory usage. Loaded Objects now: 2144.
Total: 2.655400 ms (FindLiveObjects: 0.132900 ms CreateObjectMapping: 0.043400 ms MarkObjects: 2.457600 ms  DeleteObjects: 0.020100 ms)

AssetImportParameters requested are different than current active one (requested -> active):
  custom:framework-win-MediaFoundation: 216162199b28c13a410421893ffa2e32 -> 
  custom:video-decoder-ogg-theora: a1e56fd34408186e4bbccfd4996cb3dc -> 
  custom:container-muxer-webm: aa71ff27fc2769a1b78a27578f13a17b -> 
  custom:container-demuxer-webm: 4f35f7cbe854078d1ac9338744f61a02 -> 
  custom:container-demuxer-ogg: 62fdf1f143b41e24485cea50d1cbac27 -> 
  custom:video-encoder-webm-vp8: eb34c28f22e8b96e1ab97ce403110664 -> 
  custom:video-codec-MediaFoundation-h265: 746d11721c4dcdbdad8f713fa42b33f4 -> 
  custom:video-decoder-webm-vp8: 9c59270c3fd7afecdb556c50c9e8de78 -> 
  custom:graphics/normal-map-encoding: 01000000000000000000000000000000 -> 02000000000000000000000000000000
  custom:audio-decoder-ogg-vorbis: bf7c407c2cedff20999df2af8eb42d56 -> 
  custom:audio-encoder-webm-vorbis: bf7c407c2cedff20999df2af8eb42d56 -> 
AssetImportWorkerClient::OnTransportError - code=2 error=End of file
